1521045120150	geckodriver	INFO	geckodriver 0.18.0
1521045120158	geckodriver	INFO	Listening on 127.0.0.1:41195
1521045121329	geckodriver::marionette	INFO	Starting browser /usr/bin/firefox with args ["-marionette"]
1521045122229	Marionette	INFO	Enabled via --marionette
1521045124122	Marionette	INFO	Listening on port 43761
1521045124168	Marionette	WARN	TLS certificate errors will be ignored for this session
*** UTM:SVC TimerManager:registerTimer called after profile-before-change notification. Ignoring timer registration for id: telemetry_modules_ping
1521045191167	geckodriver	INFO	geckodriver 0.18.0
1521045191171	geckodriver	INFO	Listening on 127.0.0.1:46333
1521045192329	geckodriver::marionette	INFO	Starting browser /usr/bin/firefox with args ["-marionette"]
1521045193306	Marionette	INFO	Enabled via --marionette
1521045195106	Marionette	INFO	Listening on port 38283
1521045195149	Marionette	WARN	TLS certificate errors will be ignored for this session
1521045222066	geckodriver	INFO	geckodriver 0.18.0
1521045222071	geckodriver	INFO	Listening on 127.0.0.1:57053
1521045223220	geckodriver::marionette	INFO	Starting browser /usr/bin/firefox with args ["-marionette"]
1521045224115	Marionette	INFO	Enabled via --marionette
1521045225865	Marionette	INFO	Listening on port 42341
1521045225947	Marionette	WARN	TLS certificate errors will be ignored for this session
*** UTM:SVC TimerManager:registerTimer called after profile-before-change notification. Ignoring timer registration for id: telemetry_modules_ping
*** UTM:SVC TimerManager:registerTimer called after profile-before-change notification. Ignoring timer registration for id: telemetry_modules_ping
1521045245781	geckodriver	INFO	geckodriver 0.18.0
1521045245786	geckodriver	INFO	Listening on 127.0.0.1:51795
1521045246987	geckodriver::marionette	INFO	Starting browser /usr/bin/firefox with args ["-marionette"]
1521045248024	Marionette	INFO	Enabled via --marionette
1521045249967	Marionette	INFO	Listening on port 35033
1521045250018	Marionette	WARN	TLS certificate errors will be ignored for this session
1521052282631	geckodriver	INFO	geckodriver 0.18.0
1521052282638	geckodriver	INFO	Listening on 127.0.0.1:42737
1521052283788	geckodriver::marionette	INFO	Starting browser /usr/bin/firefox with args ["-marionette"]
1521052284691	Marionette	INFO	Enabled via --marionette
1521052286499	Marionette	INFO	Listening on port 37699
1521052286540	Marionette	WARN	TLS certificate errors will be ignored for this session
JavaScript warning: https://www.reclameaqui.com.br/_Incapsula_Resource?SWJIYLWA=719d34d31c8e3a6e6fffd425f7e032f3&ns=1&cb=1070969643, line 1: unreachable code after return statement
JavaScript warning: https://www.reclameaqui.com.br/_Incapsula_Resource?SWJIYLWA=719d34d31c8e3a6e6fffd425f7e032f3&ns=1&cb=1070969643, line 1: unreachable code after return statement
JavaScript warning: https://www.reclameaqui.com.br/_Incapsula_Resource?SWJIYLWA=719d34d31c8e3a6e6fffd425f7e032f3&ns=1&cb=1070969643 line 1 > eval, line 1: unreachable code after return statement
*** UTM:SVC TimerManager:registerTimer called after profile-before-change notification. Ignoring timer registration for id: telemetry_modules_ping
1521053694648	geckodriver	INFO	geckodriver 0.18.0
1521053694654	geckodriver	INFO	Listening on 127.0.0.1:35651
1521053695812	geckodriver::marionette	INFO	Starting browser /usr/bin/firefox with args ["-marionette"]
1521053696708	Marionette	INFO	Enabled via --marionette
1521053698536	Marionette	INFO	Listening on port 45477
1521053698634	Marionette	WARN	TLS certificate errors will be ignored for this session
JavaScript warning: https://www.reclameaqui.com.br/_Incapsula_Resource?SWJIYLWA=719d34d31c8e3a6e6fffd425f7e032f3&ns=1&cb=1070969643, line 1: unreachable code after return statement
JavaScript warning: https://www.reclameaqui.com.br/_Incapsula_Resource?SWJIYLWA=719d34d31c8e3a6e6fffd425f7e032f3&ns=1&cb=1070969643, line 1: unreachable code after return statement
JavaScript warning: https://www.reclameaqui.com.br/_Incapsula_Resource?SWJIYLWA=719d34d31c8e3a6e6fffd425f7e032f3&ns=1&cb=1070969643 line 1 > eval, line 1: unreachable code after return statement
*** UTM:SVC TimerManager:registerTimer called after profile-before-change notification. Ignoring timer registration for id: telemetry_modules_ping
1521055987538	geckodriver	INFO	geckodriver 0.18.0
1521055987547	geckodriver	INFO	Listening on 127.0.0.1:56513
1521055988689	geckodriver::marionette	INFO	Starting browser /usr/bin/firefox with args ["-marionette"]
1521055989536	Marionette	INFO	Enabled via --marionette
1521055991348	Marionette	INFO	Listening on port 43191
1521055991448	Marionette	WARN	TLS certificate errors will be ignored for this session
JavaScript warning: https://www.reclameaqui.com.br/_Incapsula_Resource?SWJIYLWA=719d34d31c8e3a6e6fffd425f7e032f3&ns=1&cb=1070969643, line 1: unreachable code after return statement
JavaScript warning: https://www.reclameaqui.com.br/_Incapsula_Resource?SWJIYLWA=719d34d31c8e3a6e6fffd425f7e032f3&ns=1&cb=1070969643, line 1: unreachable code after return statement
JavaScript warning: https://www.reclameaqui.com.br/_Incapsula_Resource?SWJIYLWA=719d34d31c8e3a6e6fffd425f7e032f3&ns=1&cb=1070969643 line 1 > eval, line 1: unreachable code after return statement
1521056184740	geckodriver	INFO	geckodriver 0.18.0
1521056184746	geckodriver	INFO	Listening on 127.0.0.1:53831
1521056185898	geckodriver::marionette	INFO	Starting browser /usr/bin/firefox with args ["-marionette"]
1521056186790	Marionette	INFO	Enabled via --marionette
1521056188621	Marionette	INFO	Listening on port 33127
1521056188743	Marionette	WARN	TLS certificate errors will be ignored for this session
JavaScript warning: https://www.reclameaqui.com.br/_Incapsula_Resource?SWJIYLWA=719d34d31c8e3a6e6fffd425f7e032f3&ns=1&cb=1070969643, line 1: unreachable code after return statement
JavaScript warning: https://www.reclameaqui.com.br/_Incapsula_Resource?SWJIYLWA=719d34d31c8e3a6e6fffd425f7e032f3&ns=1&cb=1070969643, line 1: unreachable code after return statement
JavaScript warning: https://www.reclameaqui.com.br/_Incapsula_Resource?SWJIYLWA=719d34d31c8e3a6e6fffd425f7e032f3&ns=1&cb=1070969643 line 1 > eval, line 1: unreachable code after return statement
JavaScript error: chrome://browser/content/browser.xul, line 1: TypeError: gContextMenu is null
console.error: 
  Got a removal of an actor we didn't know about: server1.conn0.child1/domnode432
console.error: 
  Got an addition of an actor we didn't know about: server1.conn0.child1/domnode516
1521059946904	geckodriver	INFO	geckodriver 0.18.0
1521059946910	geckodriver	INFO	Listening on 127.0.0.1:49551
1521059947085	geckodriver::marionette	INFO	Starting browser /usr/bin/firefox with args ["-marionette"]
1521059948037	Marionette	INFO	Enabled via --marionette
1521059949990	Marionette	INFO	Listening on port 43173
1521059950027	Marionette	WARN	TLS certificate errors will be ignored for this session
console.error: 
  Got a removal of an actor we didn't know about: server1.conn0.child1/domnode516
console.error: 
  Got an addition of an actor we didn't know about: server1.conn0.child1/domnode527
JavaScript warning: https://www.reclameaqui.com.br/_Incapsula_Resource?SWJIYLWA=719d34d31c8e3a6e6fffd425f7e032f3&ns=1&cb=79590413, line 1: unreachable code after return statement
JavaScript warning: https://www.reclameaqui.com.br/_Incapsula_Resource?SWJIYLWA=719d34d31c8e3a6e6fffd425f7e032f3&ns=1&cb=79590413, line 1: unreachable code after return statement
JavaScript warning: https://www.reclameaqui.com.br/_Incapsula_Resource?SWJIYLWA=719d34d31c8e3a6e6fffd425f7e032f3&ns=1&cb=79590413 line 1 > eval, line 1: unreachable code after return statement
1521060219796	geckodriver	INFO	geckodriver 0.18.0
1521060219801	geckodriver	INFO	Listening on 127.0.0.1:44085
1521060219944	geckodriver::marionette	INFO	Starting browser /usr/bin/firefox with args ["-marionette"]
1521060220775	Marionette	INFO	Enabled via --marionette
1521060222517	Marionette	INFO	Listening on port 46827
1521060222568	Marionette	WARN	TLS certificate errors will be ignored for this session
JavaScript warning: https://www.reclameaqui.com.br/_Incapsula_Resource?SWJIYLWA=719d34d31c8e3a6e6fffd425f7e032f3&ns=1&cb=79590413, line 1: unreachable code after return statement
JavaScript warning: https://www.reclameaqui.com.br/_Incapsula_Resource?SWJIYLWA=719d34d31c8e3a6e6fffd425f7e032f3&ns=1&cb=79590413, line 1: unreachable code after return statement
JavaScript warning: https://www.reclameaqui.com.br/_Incapsula_Resource?SWJIYLWA=719d34d31c8e3a6e6fffd425f7e032f3&ns=1&cb=79590413 line 1 > eval, line 1: unreachable code after return statement
*** UTM:SVC TimerManager:registerTimer called after profile-before-change notification. Ignoring timer registration for id: telemetry_modules_ping
1521060977365	geckodriver	INFO	geckodriver 0.18.0
1521060977369	geckodriver	INFO	Listening on 127.0.0.1:54033
1521060977514	geckodriver::marionette	INFO	Starting browser /usr/bin/firefox with args ["-marionette"]
1521060978470	Marionette	INFO	Enabled via --marionette
1521060980285	Marionette	INFO	Listening on port 40343
1521060980341	Marionette	WARN	TLS certificate errors will be ignored for this session
JavaScript warning: https://www.reclameaqui.com.br/_Incapsula_Resource?SWJIYLWA=719d34d31c8e3a6e6fffd425f7e032f3&ns=1&cb=79590413, line 1: unreachable code after return statement
JavaScript warning: https://www.reclameaqui.com.br/_Incapsula_Resource?SWJIYLWA=719d34d31c8e3a6e6fffd425f7e032f3&ns=1&cb=79590413, line 1: unreachable code after return statement
JavaScript warning: https://www.reclameaqui.com.br/_Incapsula_Resource?SWJIYLWA=719d34d31c8e3a6e6fffd425f7e032f3&ns=1&cb=79590413 line 1 > eval, line 1: unreachable code after return statement
JavaScript warning: https://www.reclameaqui.com.br/_Incapsula_Resource?SWJIYLWA=719d34d31c8e3a6e6fffd425f7e032f3&ns=2&cb=1052850487, line 1: unreachable code after return statement
JavaScript warning: https://www.reclameaqui.com.br/_Incapsula_Resource?SWJIYLWA=719d34d31c8e3a6e6fffd425f7e032f3&ns=2&cb=1052850487, line 1: unreachable code after return statement
JavaScript warning: https://www.reclameaqui.com.br/_Incapsula_Resource?SWJIYLWA=719d34d31c8e3a6e6fffd425f7e032f3&ns=2&cb=1052850487 line 1 > eval, line 1: unreachable code after return statement
JavaScript warning: https://www.reclameaqui.com.br/_Incapsula_Resource?SWJIYLWA=719d34d31c8e3a6e6fffd425f7e032f3&ns=3&cb=1691198390, line 1: unreachable code after return statement
JavaScript warning: https://www.reclameaqui.com.br/_Incapsula_Resource?SWJIYLWA=719d34d31c8e3a6e6fffd425f7e032f3&ns=3&cb=1691198390, line 1: unreachable code after return statement
JavaScript warning: https://www.reclameaqui.com.br/_Incapsula_Resource?SWJIYLWA=719d34d31c8e3a6e6fffd425f7e032f3&ns=3&cb=1691198390 line 1 > eval, line 1: unreachable code after return statement
JavaScript warning: https://www.reclameaqui.com.br/_Incapsula_Resource?SWJIYLWA=719d34d31c8e3a6e6fffd425f7e032f3&ns=4&cb=1207757424, line 1: unreachable code after return statement
JavaScript warning: https://www.reclameaqui.com.br/_Incapsula_Resource?SWJIYLWA=719d34d31c8e3a6e6fffd425f7e032f3&ns=4&cb=1207757424, line 1: unreachable code after return statement
JavaScript warning: https://www.reclameaqui.com.br/_Incapsula_Resource?SWJIYLWA=719d34d31c8e3a6e6fffd425f7e032f3&ns=4&cb=1207757424 line 1 > eval, line 1: unreachable code after return statement
JavaScript warning: https://www.reclameaqui.com.br/_Incapsula_Resource?SWJIYLWA=719d34d31c8e3a6e6fffd425f7e032f3&ns=5&cb=2020988903, line 1: unreachable code after return statement
JavaScript warning: https://www.reclameaqui.com.br/_Incapsula_Resource?SWJIYLWA=719d34d31c8e3a6e6fffd425f7e032f3&ns=5&cb=2020988903, line 1: unreachable code after return statement
JavaScript warning: https://www.reclameaqui.com.br/_Incapsula_Resource?SWJIYLWA=719d34d31c8e3a6e6fffd425f7e032f3&ns=5&cb=2020988903 line 1 > eval, line 1: unreachable code after return statement
JavaScript warning: https://www.reclameaqui.com.br/_Incapsula_Resource?SWJIYLWA=719d34d31c8e3a6e6fffd425f7e032f3&ns=6&cb=1274781097, line 1: unreachable code after return statement
JavaScript warning: https://www.reclameaqui.com.br/_Incapsula_Resource?SWJIYLWA=719d34d31c8e3a6e6fffd425f7e032f3&ns=6&cb=1274781097, line 1: unreachable code after return statement
JavaScript warning: https://www.reclameaqui.com.br/_Incapsula_Resource?SWJIYLWA=719d34d31c8e3a6e6fffd425f7e032f3&ns=6&cb=1274781097 line 1 > eval, line 1: unreachable code after return statement
JavaScript warning: https://www.reclameaqui.com.br/_Incapsula_Resource?SWJIYLWA=719d34d31c8e3a6e6fffd425f7e032f3&ns=7&cb=2023510131, line 1: unreachable code after return statement
JavaScript warning: https://www.reclameaqui.com.br/_Incapsula_Resource?SWJIYLWA=719d34d31c8e3a6e6fffd425f7e032f3&ns=7&cb=2023510131, line 1: unreachable code after return statement
JavaScript warning: https://www.reclameaqui.com.br/_Incapsula_Resource?SWJIYLWA=719d34d31c8e3a6e6fffd425f7e032f3&ns=7&cb=2023510131 line 1 > eval, line 1: unreachable code after return statement
JavaScript warning: https://www.reclameaqui.com.br/_Incapsula_Resource?SWJIYLWA=719d34d31c8e3a6e6fffd425f7e032f3&ns=8&cb=939271564, line 1: unreachable code after return statement
JavaScript warning: https://www.reclameaqui.com.br/_Incapsula_Resource?SWJIYLWA=719d34d31c8e3a6e6fffd425f7e032f3&ns=8&cb=939271564, line 1: unreachable code after return statement
JavaScript warning: https://www.reclameaqui.com.br/_Incapsula_Resource?SWJIYLWA=719d34d31c8e3a6e6fffd425f7e032f3&ns=8&cb=939271564 line 1 > eval, line 1: unreachable code after return statement
JavaScript warning: https://www.reclameaqui.com.br/_Incapsula_Resource?SWJIYLWA=719d34d31c8e3a6e6fffd425f7e032f3&ns=9&cb=112305155, line 1: unreachable code after return statement
JavaScript warning: https://www.reclameaqui.com.br/_Incapsula_Resource?SWJIYLWA=719d34d31c8e3a6e6fffd425f7e032f3&ns=9&cb=112305155, line 1: unreachable code after return statement
JavaScript warning: https://www.reclameaqui.com.br/_Incapsula_Resource?SWJIYLWA=719d34d31c8e3a6e6fffd425f7e032f3&ns=9&cb=112305155 line 1 > eval, line 1: unreachable code after return statement
JavaScript warning: https://www.reclameaqui.com.br/_Incapsula_Resource?SWJIYLWA=719d34d31c8e3a6e6fffd425f7e032f3&ns=10&cb=1418872675, line 1: unreachable code after return statement
JavaScript warning: https://www.reclameaqui.com.br/_Incapsula_Resource?SWJIYLWA=719d34d31c8e3a6e6fffd425f7e032f3&ns=10&cb=1418872675, line 1: unreachable code after return statement
JavaScript warning: https://www.reclameaqui.com.br/_Incapsula_Resource?SWJIYLWA=719d34d31c8e3a6e6fffd425f7e032f3&ns=10&cb=1418872675 line 1 > eval, line 1: unreachable code after return statement
JavaScript warning: https://www.reclameaqui.com.br/_Incapsula_Resource?SWJIYLWA=719d34d31c8e3a6e6fffd425f7e032f3&ns=11&cb=1938721878, line 1: unreachable code after return statement
JavaScript warning: https://www.reclameaqui.com.br/_Incapsula_Resource?SWJIYLWA=719d34d31c8e3a6e6fffd425f7e032f3&ns=11&cb=1938721878, line 1: unreachable code after return statement
JavaScript warning: https://www.reclameaqui.com.br/_Incapsula_Resource?SWJIYLWA=719d34d31c8e3a6e6fffd425f7e032f3&ns=11&cb=1938721878 line 1 > eval, line 1: unreachable code after return statement
[Child 12895, Chrome_ChildThread] WARNING: pipe error (17): Conexão fechada pela outra ponta: file /build/firefox-GBiM4z/firefox-58.0.2+linuxmint1+sylvia/ipc/chromium/src/chrome/common/ipc_channel_posix.cc, line 353
[Child 12895, Chrome_ChildThread] WARNING: pipe error (31): Conexão fechada pela outra ponta: file /build/firefox-GBiM4z/firefox-58.0.2+linuxmint1+sylvia/ipc/chromium/src/chrome/common/ipc_channel_posix.cc, line 353
[Child 12895, Chrome_ChildThread] WARNING: pipe error (3): Conexão fechada pela outra ponta: file /build/firefox-GBiM4z/firefox-58.0.2+linuxmint1+sylvia/ipc/chromium/src/chrome/common/ipc_channel_posix.cc, line 353

###!!! [Child][MessageChannel] Error: (msgtype=0x4E0016,name=PLayerTransaction::Msg_ClearCachedResources) Channel error: cannot send/recv


###!!! [Child][MessageChannel] Error: (msgtype=0x4E0007,name=PLayerTransaction::Msg_ReleaseCompositable) Channel error: cannot send/recv

1521061188374	geckodriver	INFO	geckodriver 0.18.0
1521061188379	geckodriver	INFO	Listening on 127.0.0.1:58291
1521061189533	geckodriver::marionette	INFO	Starting browser /usr/bin/firefox with args ["-marionette"]
1521061190427	Marionette	INFO	Enabled via --marionette
1521061192143	Marionette	INFO	Listening on port 42743
1521061192193	Marionette	WARN	TLS certificate errors will be ignored for this session
JavaScript warning: https://www.reclameaqui.com.br/_Incapsula_Resource?SWJIYLWA=719d34d31c8e3a6e6fffd425f7e032f3&ns=1&cb=79590413, line 1: unreachable code after return statement
JavaScript warning: https://www.reclameaqui.com.br/_Incapsula_Resource?SWJIYLWA=719d34d31c8e3a6e6fffd425f7e032f3&ns=1&cb=79590413, line 1: unreachable code after return statement
JavaScript warning: https://www.reclameaqui.com.br/_Incapsula_Resource?SWJIYLWA=719d34d31c8e3a6e6fffd425f7e032f3&ns=1&cb=79590413 line 1 > eval, line 1: unreachable code after return statement
JavaScript warning: https://www.reclameaqui.com.br/_Incapsula_Resource?SWJIYLWA=719d34d31c8e3a6e6fffd425f7e032f3&ns=2&cb=407801901, line 1: unreachable code after return statement
JavaScript warning: https://www.reclameaqui.com.br/_Incapsula_Resource?SWJIYLWA=719d34d31c8e3a6e6fffd425f7e032f3&ns=2&cb=407801901, line 1: unreachable code after return statement
JavaScript warning: https://www.reclameaqui.com.br/_Incapsula_Resource?SWJIYLWA=719d34d31c8e3a6e6fffd425f7e032f3&ns=2&cb=407801901 line 1 > eval, line 1: unreachable code after return statement
JavaScript warning: https://www.reclameaqui.com.br/_Incapsula_Resource?SWJIYLWA=719d34d31c8e3a6e6fffd425f7e032f3&ns=3&cb=1908364452, line 1: unreachable code after return statement
JavaScript warning: https://www.reclameaqui.com.br/_Incapsula_Resource?SWJIYLWA=719d34d31c8e3a6e6fffd425f7e032f3&ns=3&cb=1908364452, line 1: unreachable code after return statement
JavaScript warning: https://www.reclameaqui.com.br/_Incapsula_Resource?SWJIYLWA=719d34d31c8e3a6e6fffd425f7e032f3&ns=3&cb=1908364452 line 1 > eval, line 1: unreachable code after return statement
JavaScript warning: https://www.reclameaqui.com.br/_Incapsula_Resource?SWJIYLWA=719d34d31c8e3a6e6fffd425f7e032f3&ns=2&cb=1052850487, line 1: unreachable code after return statement
JavaScript warning: https://www.reclameaqui.com.br/_Incapsula_Resource?SWJIYLWA=719d34d31c8e3a6e6fffd425f7e032f3&ns=2&cb=1052850487, line 1: unreachable code after return statement
JavaScript warning: https://www.reclameaqui.com.br/_Incapsula_Resource?SWJIYLWA=719d34d31c8e3a6e6fffd425f7e032f3&ns=2&cb=1052850487 line 1 > eval, line 1: unreachable code after return statement
JavaScript warning: https://www.reclameaqui.com.br/_Incapsula_Resource?SWJIYLWA=719d34d31c8e3a6e6fffd425f7e032f3&ns=3&cb=1691198390, line 1: unreachable code after return statement
JavaScript warning: https://www.reclameaqui.com.br/_Incapsula_Resource?SWJIYLWA=719d34d31c8e3a6e6fffd425f7e032f3&ns=3&cb=1691198390, line 1: unreachable code after return statement
JavaScript warning: https://www.reclameaqui.com.br/_Incapsula_Resource?SWJIYLWA=719d34d31c8e3a6e6fffd425f7e032f3&ns=3&cb=1691198390 line 1 > eval, line 1: unreachable code after return statement
JavaScript warning: https://www.reclameaqui.com.br/_Incapsula_Resource?SWJIYLWA=719d34d31c8e3a6e6fffd425f7e032f3&ns=4&cb=1207757424, line 1: unreachable code after return statement
JavaScript warning: https://www.reclameaqui.com.br/_Incapsula_Resource?SWJIYLWA=719d34d31c8e3a6e6fffd425f7e032f3&ns=4&cb=1207757424, line 1: unreachable code after return statement
JavaScript warning: https://www.reclameaqui.com.br/_Incapsula_Resource?SWJIYLWA=719d34d31c8e3a6e6fffd425f7e032f3&ns=4&cb=1207757424 line 1 > eval, line 1: unreachable code after return statement
JavaScript warning: https://www.reclameaqui.com.br/_Incapsula_Resource?SWJIYLWA=719d34d31c8e3a6e6fffd425f7e032f3&ns=5&cb=2020988903, line 1: unreachable code after return statement
JavaScript warning: https://www.reclameaqui.com.br/_Incapsula_Resource?SWJIYLWA=719d34d31c8e3a6e6fffd425f7e032f3&ns=5&cb=2020988903, line 1: unreachable code after return statement
JavaScript warning: https://www.reclameaqui.com.br/_Incapsula_Resource?SWJIYLWA=719d34d31c8e3a6e6fffd425f7e032f3&ns=5&cb=2020988903 line 1 > eval, line 1: unreachable code after return statement
JavaScript warning: https://www.reclameaqui.com.br/_Incapsula_Resource?SWJIYLWA=719d34d31c8e3a6e6fffd425f7e032f3&ns=6&cb=1274781097, line 1: unreachable code after return statement
JavaScript warning: https://www.reclameaqui.com.br/_Incapsula_Resource?SWJIYLWA=719d34d31c8e3a6e6fffd425f7e032f3&ns=6&cb=1274781097, line 1: unreachable code after return statement
JavaScript warning: https://www.reclameaqui.com.br/_Incapsula_Resource?SWJIYLWA=719d34d31c8e3a6e6fffd425f7e032f3&ns=6&cb=1274781097 line 1 > eval, line 1: unreachable code after return statement
JavaScript warning: https://www.reclameaqui.com.br/_Incapsula_Resource?SWJIYLWA=719d34d31c8e3a6e6fffd425f7e032f3&ns=7&cb=2023510131, line 1: unreachable code after return statement
JavaScript warning: https://www.reclameaqui.com.br/_Incapsula_Resource?SWJIYLWA=719d34d31c8e3a6e6fffd425f7e032f3&ns=7&cb=2023510131, line 1: unreachable code after return statement
JavaScript warning: https://www.reclameaqui.com.br/_Incapsula_Resource?SWJIYLWA=719d34d31c8e3a6e6fffd425f7e032f3&ns=7&cb=2023510131 line 1 > eval, line 1: unreachable code after return statement
JavaScript warning: https://www.reclameaqui.com.br/_Incapsula_Resource?SWJIYLWA=719d34d31c8e3a6e6fffd425f7e032f3&ns=8&cb=939271564, line 1: unreachable code after return statement
JavaScript warning: https://www.reclameaqui.com.br/_Incapsula_Resource?SWJIYLWA=719d34d31c8e3a6e6fffd425f7e032f3&ns=8&cb=939271564, line 1: unreachable code after return statement
JavaScript warning: https://www.reclameaqui.com.br/_Incapsula_Resource?SWJIYLWA=719d34d31c8e3a6e6fffd425f7e032f3&ns=8&cb=939271564 line 1 > eval, line 1: unreachable code after return statement
JavaScript warning: https://www.reclameaqui.com.br/_Incapsula_Resource?SWJIYLWA=719d34d31c8e3a6e6fffd425f7e032f3&ns=9&cb=112305155, line 1: unreachable code after return statement
JavaScript warning: https://www.reclameaqui.com.br/_Incapsula_Resource?SWJIYLWA=719d34d31c8e3a6e6fffd425f7e032f3&ns=9&cb=112305155, line 1: unreachable code after return statement
JavaScript warning: https://www.reclameaqui.com.br/_Incapsula_Resource?SWJIYLWA=719d34d31c8e3a6e6fffd425f7e032f3&ns=9&cb=112305155 line 1 > eval, line 1: unreachable code after return statement
[Child 13210, Chrome_ChildThread] WARNING: pipe error (19): Conexão fechada pela outra ponta: file /build/firefox-GBiM4z/firefox-58.0.2+linuxmint1+sylvia/ipc/chromium/src/chrome/common/ipc_channel_posix.cc, line 353
[Child 13210, Chrome_ChildThread] WARNING: pipe error: Pipe quebrado: file /build/firefox-GBiM4z/firefox-58.0.2+linuxmint1+sylvia/ipc/chromium/src/chrome/common/ipc_channel_posix.cc, line 709
[Child 13210, Chrome_ChildThread] WARNING: pipe error: Pipe quebrado: file /build/firefox-GBiM4z/firefox-58.0.2+linuxmint1+sylvia/ipc/chromium/src/chrome/common/ipc_channel_posix.cc, line 709
[Child 13210, Chrome_ChildThread] WARNING: pipe error: Pipe quebrado: file /build/firefox-GBiM4z/firefox-58.0.2+linuxmint1+sylvia/ipc/chromium/src/chrome/common/ipc_channel_posix.cc, line 709
[Child 13210, Chrome_ChildThread] WARNING: pipe error: Pipe quebrado: file /build/firefox-GBiM4z/firefox-58.0.2+linuxmint1+sylvia/ipc/chromium/src/chrome/common/ipc_channel_posix.cc, line 709
[Child 13210, Chrome_ChildThread] WARNING: pipe error: Pipe quebrado: file /build/firefox-GBiM4z/firefox-58.0.2+linuxmint1+sylvia/ipc/chromium/src/chrome/common/ipc_channel_posix.cc, line 709
[Child 13210, Chrome_ChildThread] WARNING: pipe error: Pipe quebrado: file /build/firefox-GBiM4z/firefox-58.0.2+linuxmint1+sylvia/ipc/chromium/src/chrome/common/ipc_channel_posix.cc, line 709
[Child 13210, Chrome_ChildThread] WARNING: pipe error: Pipe quebrado: file /build/firefox-GBiM4z/firefox-58.0.2+linuxmint1+sylvia/ipc/chromium/src/chrome/common/ipc_channel_posix.cc, line 709
[Child 13210, Chrome_ChildThread] WARNING: pipe error: Pipe quebrado: file /build/firefox-GBiM4z/firefox-58.0.2+linuxmint1+sylvia/ipc/chromium/src/chrome/common/ipc_channel_posix.cc, line 709
[Child 13210, Chrome_ChildThread] WARNING: pipe error: Pipe quebrado: file /build/firefox-GBiM4z/firefox-58.0.2+linuxmint1+sylvia/ipc/chromium/src/chrome/common/ipc_channel_posix.cc, line 709
[Child 13210, Chrome_ChildThread] WARNING: pipe error: Pipe quebrado: file /build/firefox-GBiM4z/firefox-58.0.2+linuxmint1+sylvia/ipc/chromium/src/chrome/common/ipc_channel_posix.cc, line 709
[Child 13210, Chrome_ChildThread] WARNING: pipe error: Pipe quebrado: file /build/firefox-GBiM4z/firefox-58.0.2+linuxmint1+sylvia/ipc/chromium/src/chrome/common/ipc_channel_posix.cc, line 709
[Child 13210, Chrome_ChildThread] WARNING: pipe error: Pipe quebrado: file /build/firefox-GBiM4z/firefox-58.0.2+linuxmint1+sylvia/ipc/chromium/src/chrome/common/ipc_channel_posix.cc, line 709
[Child 13210, Chrome_ChildThread] WARNING: pipe error (31): Conexão fechada pela outra ponta: file /build/firefox-GBiM4z/firefox-58.0.2+linuxmint1+sylvia/ipc/chromium/src/chrome/common/ipc_channel_posix.cc, line 353
[Child 13210, Chrome_ChildThread] WARNING: pipe error (3): Conexão fechada pela outra ponta: file /build/firefox-GBiM4z/firefox-58.0.2+linuxmint1+sylvia/ipc/chromium/src/chrome/common/ipc_channel_posix.cc, line 353
