1521026886204	geckodriver	INFO	geckodriver 0.18.0
1521026886211	geckodriver	INFO	Listening on 127.0.0.1:51779
1521026887364	geckodriver::marionette	INFO	Starting browser /usr/bin/firefox with args ["-marionette"]
1521026888326	Marionette	INFO	Enabled via --marionette
1521026890165	Marionette	INFO	Listening on port 37973
1521026890202	Marionette	WARN	TLS certificate errors will be ignored for this session
1521026993753	geckodriver	INFO	geckodriver 0.18.0
1521026993759	geckodriver	INFO	Listening on 127.0.0.1:37967
1521026994941	geckodriver::marionette	INFO	Starting browser /usr/bin/firefox with args ["-marionette"]
1521026995872	Marionette	INFO	Enabled via --marionette
1521026997736	Marionette	INFO	Listening on port 44013
1521026997770	Marionette	WARN	TLS certificate errors will be ignored for this session
1521027092511	geckodriver	INFO	geckodriver 0.18.0
1521027092518	geckodriver	INFO	Listening on 127.0.0.1:60895
1521027093682	geckodriver::marionette	INFO	Starting browser /usr/bin/firefox with args ["-marionette"]
1521027094646	Marionette	INFO	Enabled via --marionette
1521027096482	Marionette	INFO	Listening on port 38655
1521027096544	Marionette	WARN	TLS certificate errors will be ignored for this session
*** UTM:SVC TimerManager:registerTimer called after profile-before-change notification. Ignoring timer registration for id: telemetry_modules_ping
1521027436822	geckodriver	INFO	geckodriver 0.18.0
1521027436828	geckodriver	INFO	Listening on 127.0.0.1:35159
1521027437998	geckodriver::marionette	INFO	Starting browser /usr/bin/firefox with args ["-marionette"]
1521027438947	Marionette	INFO	Enabled via --marionette
1521027440907	Marionette	INFO	Listening on port 39835
1521027440945	Marionette	WARN	TLS certificate errors will be ignored for this session
1521027485612	geckodriver	INFO	geckodriver 0.18.0
1521027485617	geckodriver	INFO	Listening on 127.0.0.1:50997
1521027486778	geckodriver::marionette	INFO	Starting browser /usr/bin/firefox with args ["-marionette"]
1521027487736	Marionette	INFO	Enabled via --marionette
1521027489758	Marionette	INFO	Listening on port 39779
1521027489826	Marionette	WARN	TLS certificate errors will be ignored for this session
1521027733726	geckodriver	INFO	geckodriver 0.18.0
1521027733732	geckodriver	INFO	Listening on 127.0.0.1:33109
1521027734877	geckodriver::marionette	INFO	Starting browser /usr/bin/firefox with args ["-marionette"]
1521027735790	Marionette	INFO	Enabled via --marionette
1521027737627	Marionette	INFO	Listening on port 45733
1521027737731	Marionette	WARN	TLS certificate errors will be ignored for this session
1521027872380	geckodriver	INFO	geckodriver 0.18.0
1521027872384	geckodriver	INFO	Listening on 127.0.0.1:60003
1521027873529	geckodriver::marionette	INFO	Starting browser /usr/bin/firefox with args ["-marionette"]
1521027874414	Marionette	INFO	Enabled via --marionette
1521027876144	Marionette	INFO	Listening on port 36689
1521027876269	Marionette	WARN	TLS certificate errors will be ignored for this session
console.warn: LoginRecipes: getRecipes: falling back to a synchronous message for: https://www.google.com.br
JavaScript error: resource://devtools/shared/base-loader.js -> resource://devtools/server/actors/highlighters/box-model.js, line 410: TypeError: quads is undefined
JavaScript error: resource://devtools/shared/base-loader.js -> resource://devtools/server/actors/highlighters/box-model.js, line 410: TypeError: quads is undefined
JavaScript error: resource://devtools/shared/base-loader.js -> resource://devtools/server/actors/highlighters/auto-refresh.js, line 201: TypeError: this.win is null
JavaScript error: resource://devtools/shared/base-loader.js -> resource://devtools/server/actors/highlighters/auto-refresh.js, line 201: TypeError: this.win is null
JavaScript error: resource://devtools/shared/base-loader.js -> resource://devtools/server/actors/highlighters/auto-refresh.js, line 201: TypeError: this.win is null
JavaScript error: resource://devtools/shared/base-loader.js -> resource://devtools/server/actors/highlighters/auto-refresh.js, line 201: TypeError: this.win is null
JavaScript error: resource://devtools/shared/base-loader.js -> resource://devtools/server/actors/highlighters/auto-refresh.js, line 201: TypeError: this.win is null
JavaScript error: resource://devtools/shared/base-loader.js -> resource://devtools/server/actors/highlighters/auto-refresh.js, line 201: TypeError: this.win is null
JavaScript error: resource://devtools/shared/base-loader.js -> resource://devtools/server/actors/highlighters/auto-refresh.js, line 201: TypeError: this.win is null
JavaScript error: resource://devtools/shared/base-loader.js -> resource://devtools/server/actors/highlighters/auto-refresh.js, line 201: TypeError: this.win is null
1521029174342	geckodriver	INFO	geckodriver 0.18.0
1521029174350	geckodriver	INFO	Listening on 127.0.0.1:49959
1521029175506	geckodriver::marionette	INFO	Starting browser /usr/bin/firefox with args ["-marionette"]
1521029176627	Marionette	INFO	Enabled via --marionette
1521029178705	Marionette	INFO	Listening on port 44271
1521029178737	Marionette	WARN	TLS certificate errors will be ignored for this session
1521029215232	geckodriver	INFO	geckodriver 0.18.0
1521029215237	geckodriver	INFO	Listening on 127.0.0.1:47525
1521029216389	geckodriver::marionette	INFO	Starting browser /usr/bin/firefox with args ["-marionette"]
1521029217325	Marionette	INFO	Enabled via --marionette
1521029219219	Marionette	INFO	Listening on port 44569
1521029219330	Marionette	WARN	TLS certificate errors will be ignored for this session
*** UTM:SVC TimerManager:registerTimer called after profile-before-change notification. Ignoring timer registration for id: telemetry_modules_ping
1521029405724	geckodriver	INFO	geckodriver 0.18.0
1521029405730	geckodriver	INFO	Listening on 127.0.0.1:57265
1521029406875	geckodriver::marionette	INFO	Starting browser /usr/bin/firefox with args ["-marionette"]
1521029407729	Marionette	INFO	Enabled via --marionette
1521029409484	Marionette	INFO	Listening on port 32803
1521029409531	Marionette	WARN	TLS certificate errors will be ignored for this session
1521029636894	geckodriver	INFO	geckodriver 0.18.0
1521029636901	geckodriver	INFO	Listening on 127.0.0.1:45539
1521029638058	geckodriver::marionette	INFO	Starting browser /usr/bin/firefox with args ["-marionette"]
1521029639018	Marionette	INFO	Enabled via --marionette
1521029640908	Marionette	INFO	Listening on port 36221
1521029641006	Marionette	WARN	TLS certificate errors will be ignored for this session
*** UTM:SVC TimerManager:registerTimer called after profile-before-change notification. Ignoring timer registration for id: telemetry_modules_ping
1521032998626	geckodriver	INFO	geckodriver 0.18.0
1521032998631	geckodriver	INFO	Listening on 127.0.0.1:47453
1521032999780	geckodriver::marionette	INFO	Starting browser /usr/bin/firefox with args ["-marionette"]
1521033000635	Marionette	INFO	Enabled via --marionette
1521033002425	Marionette	INFO	Listening on port 39303
1521033002500	Marionette	WARN	TLS certificate errors will be ignored for this session
*** UTM:SVC TimerManager:registerTimer called after profile-before-change notification. Ignoring timer registration for id: telemetry_modules_ping
1521033899910	geckodriver	INFO	geckodriver 0.18.0
1521033899915	geckodriver	INFO	Listening on 127.0.0.1:44295
1521033901067	geckodriver::marionette	INFO	Starting browser /usr/bin/firefox with args ["-marionette"]
1521033901913	Marionette	INFO	Enabled via --marionette
1521033903634	Marionette	INFO	Listening on port 46471
1521033903721	Marionette	WARN	TLS certificate errors will be ignored for this session
*** UTM:SVC TimerManager:registerTimer called after profile-before-change notification. Ignoring timer registration for id: telemetry_modules_ping
1521033991704	geckodriver	INFO	geckodriver 0.18.0
1521033991708	geckodriver	INFO	Listening on 127.0.0.1:47329
1521033992857	geckodriver::marionette	INFO	Starting browser /usr/bin/firefox with args ["-marionette"]
1521033993773	Marionette	INFO	Enabled via --marionette
1521033995543	Marionette	INFO	Listening on port 45863
1521033995598	Marionette	WARN	TLS certificate errors will be ignored for this session
*** UTM:SVC TimerManager:registerTimer called after profile-before-change notification. Ignoring timer registration for id: telemetry_modules_ping
1521035775919	geckodriver	INFO	geckodriver 0.18.0
1521035775924	geckodriver	INFO	Listening on 127.0.0.1:38737
1521035777117	geckodriver::marionette	INFO	Starting browser /usr/bin/firefox with args ["-marionette"]
1521035778217	Marionette	INFO	Enabled via --marionette
1521035780257	Marionette	INFO	Listening on port 33089
1521035780360	Marionette	WARN	TLS certificate errors will be ignored for this session
1521035818228	geckodriver	INFO	geckodriver 0.18.0
1521035818233	geckodriver	INFO	Listening on 127.0.0.1:54785
1521035819397	geckodriver::marionette	INFO	Starting browser /usr/bin/firefox with args ["-marionette"]
1521035820285	Marionette	INFO	Enabled via --marionette
1521035822005	Marionette	INFO	Listening on port 44245
1521035822027	Marionette	WARN	TLS certificate errors will be ignored for this session
ATTENTION: default value of option force_s3tc_enable overridden by environment.

(/usr/lib/firefox/firefox:28186): dconf-WARNING **: Unable to open /var/lib/flatpak/exports/share/dconf/profile/user: Permissão negada
JavaScript error: https://cadastro.saude.gov.br/TSPD/08f797755eab2000dd2f1472402f9850ab6fd8b1458e207a49b015a2e90f9396e9affb15a51586f6?type=8, line 215: TypeError: LI.o is null
JavaScript error: https://cadastro.saude.gov.br/TSPD/08f797755eab2000dd2f1472402f9850ab6fd8b1458e207a49b015a2e90f9396e9affb15a51586f6?type=8, line 215: TypeError: LI.o is null
JavaScript error: https://cadastro.saude.gov.br/TSPD/08f797755eab2000dd2f1472402f9850ab6fd8b1458e207a49b015a2e90f9396e9affb15a51586f6?type=8, line 215: TypeError: LI.o is null
1521035975977	geckodriver	INFO	geckodriver 0.18.0
1521035975983	geckodriver	INFO	Listening on 127.0.0.1:38261
1521035977188	geckodriver::marionette	INFO	Starting browser /usr/bin/firefox with args ["-marionette"]
1521035978255	Marionette	INFO	Enabled via --marionette
1521035980410	Marionette	INFO	Listening on port 33809
1521035980517	Marionette	WARN	TLS certificate errors will be ignored for this session
ATTENTION: default value of option force_s3tc_enable overridden by environment.

(/usr/lib/firefox/firefox:28566): dconf-WARNING **: Unable to open /var/lib/flatpak/exports/share/dconf/profile/user: Permissão negada
JavaScript error: https://cadastro.saude.gov.br/TSPD/08f797755eab2000dd2f1472402f9850ab6fd8b1458e207a49b015a2e90f9396e9affb15a51586f6?type=8, line 215: TypeError: LI.o is null
JavaScript error: https://cadastro.saude.gov.br/TSPD/08f797755eab2000dd2f1472402f9850ab6fd8b1458e207a49b015a2e90f9396e9affb15a51586f6?type=8, line 215: TypeError: LI.o is null
JavaScript error: https://cadastro.saude.gov.br/TSPD/08f797755eab2000dd2f1472402f9850ab6fd8b1458e207a49b015a2e90f9396e9affb15a51586f6?type=8, line 215: TypeError: LI.o is null
IPDL protocol error: Handler returned error code!

###!!! [Parent][DispatchAsyncMessage] Error: PLayerTransaction::Msg_ReleaseLayer Processing error: message was deserialized, but the handler returned false (indicating failure)

IPDL protocol error: Handler returned error code!

###!!! [Parent][DispatchAsyncMessage] Error: PLayerTransaction::Msg_ReleaseLayer Processing error: message was deserialized, but the handler returned false (indicating failure)

IPDL protocol error: Handler returned error code!

###!!! [Parent][DispatchAsyncMessage] Error: PLayerTransaction::Msg_ReleaseLayer Processing error: message was deserialized, but the handler returned false (indicating failure)

IPDL protocol error: Handler returned error code!

###!!! [Parent][DispatchAsyncMessage] Error: PLayerTransaction::Msg_ReleaseLayer Processing error: message was deserialized, but the handler returned false (indicating failure)

IPDL protocol error: Handler returned error code!

###!!! [Parent][DispatchAsyncMessage] Error: PLayerTransaction::Msg_ReleaseLayer Processing error: message was deserialized, but the handler returned false (indicating failure)

IPDL protocol error: Handler returned error code!

###!!! [Parent][DispatchAsyncMessage] Error: PLayerTransaction::Msg_ReleaseLayer Processing error: message was deserialized, but the handler returned false (indicating failure)

IPDL protocol error: Handler returned error code!

###!!! [Parent][DispatchAsyncMessage] Error: PLayerTransaction::Msg_ReleaseLayer Processing error: message was deserialized, but the handler returned false (indicating failure)

IPDL protocol error: Handler returned error code!

###!!! [Parent][DispatchAsyncMessage] Error: PLayerTransaction::Msg_ReleaseLayer Processing error: message was deserialized, but the handler returned false (indicating failure)

IPDL protocol error: Handler returned error code!

###!!! [Parent][DispatchAsyncMessage] Error: PLayerTransaction::Msg_ReleaseLayer Processing error: message was deserialized, but the handler returned false (indicating failure)

IPDL protocol error: Handler returned error code!

###!!! [Parent][DispatchAsyncMessage] Error: PLayerTransaction::Msg_ReleaseLayer Processing error: message was deserialized, but the handler returned false (indicating failure)

IPDL protocol error: Handler returned error code!

###!!! [Parent][DispatchAsyncMessage] Error: PLayerTransaction::Msg_ReleaseLayer Processing error: message was deserialized, but the handler returned false (indicating failure)

IPDL protocol error: Handler returned error code!

###!!! [Parent][DispatchAsyncMessage] Error: PLayerTransaction::Msg_ReleaseLayer Processing error: message was deserialized, but the handler returned false (indicating failure)

*** UTM:SVC TimerManager:registerTimer called after profile-before-change notification. Ignoring timer registration for id: telemetry_modules_ping
1521036072836	geckodriver	INFO	geckodriver 0.18.0
1521036072842	geckodriver	INFO	Listening on 127.0.0.1:51197
1521036074211	geckodriver::marionette	INFO	Starting browser /usr/bin/firefox with args ["-marionette"]
1521036075603	Marionette	INFO	Enabled via --marionette
1521036078857	Marionette	INFO	Listening on port 34967
1521036078912	Marionette	WARN	TLS certificate errors will be ignored for this session
ATTENTION: default value of option force_s3tc_enable overridden by environment.

(/usr/lib/firefox/firefox:28844): dconf-WARNING **: Unable to open /var/lib/flatpak/exports/share/dconf/profile/user: Permissão negada
JavaScript error: https://cadastro.saude.gov.br/TSPD/08f797755eab2000ed985bf86ff996d13baa3d5b2a72aeea51f81b131f3b9d1a35ce1f6399906afd?type=8, line 216: TypeError: JI.Z is null
JavaScript error: https://cadastro.saude.gov.br/TSPD/08f797755eab2000ed985bf86ff996d13baa3d5b2a72aeea51f81b131f3b9d1a35ce1f6399906afd?type=8, line 216: TypeError: JI.Z is null
JavaScript error: https://cadastro.saude.gov.br/TSPD/08f797755eab2000ed985bf86ff996d13baa3d5b2a72aeea51f81b131f3b9d1a35ce1f6399906afd?type=8, line 216: TypeError: JI.Z is null
IPDL protocol error: Handler returned error code!

###!!! [Parent][DispatchAsyncMessage] Error: PLayerTransaction::Msg_ReleaseLayer Processing error: message was deserialized, but the handler returned false (indicating failure)

IPDL protocol error: Handler returned error code!

###!!! [Parent][DispatchAsyncMessage] Error: PLayerTransaction::Msg_ReleaseLayer Processing error: message was deserialized, but the handler returned false (indicating failure)

IPDL protocol error: Handler returned error code!

###!!! [Parent][DispatchAsyncMessage] Error: PLayerTransaction::Msg_ReleaseLayer Processing error: message was deserialized, but the handler returned false (indicating failure)

IPDL protocol error: Handler returned error code!

###!!! [Parent][DispatchAsyncMessage] Error: PLayerTransaction::Msg_ReleaseLayer Processing error: message was deserialized, but the handler returned false (indicating failure)

IPDL protocol error: Handler returned error code!

###!!! [Parent][DispatchAsyncMessage] Error: PLayerTransaction::Msg_ReleaseLayer Processing error: message was deserialized, but the handler returned false (indicating failure)

IPDL protocol error: Handler returned error code!

###!!! [Parent][DispatchAsyncMessage] Error: PLayerTransaction::Msg_ReleaseLayer Processing error: message was deserialized, but the handler returned false (indicating failure)

IPDL protocol error: Handler returned error code!

###!!! [Parent][DispatchAsyncMessage] Error: PLayerTransaction::Msg_ReleaseLayer Processing error: message was deserialized, but the handler returned false (indicating failure)

IPDL protocol error: Handler returned error code!

###!!! [Parent][DispatchAsyncMessage] Error: PLayerTransaction::Msg_ReleaseLayer Processing error: message was deserialized, but the handler returned false (indicating failure)

IPDL protocol error: Handler returned error code!

###!!! [Parent][DispatchAsyncMessage] Error: PLayerTransaction::Msg_ReleaseLayer Processing error: message was deserialized, but the handler returned false (indicating failure)

IPDL protocol error: Handler returned error code!

###!!! [Parent][DispatchAsyncMessage] Error: PLayerTransaction::Msg_ReleaseLayer Processing error: message was deserialized, but the handler returned false (indicating failure)

IPDL protocol error: Handler returned error code!

###!!! [Parent][DispatchAsyncMessage] Error: PLayerTransaction::Msg_ReleaseLayer Processing error: message was deserialized, but the handler returned false (indicating failure)

IPDL protocol error: Handler returned error code!

###!!! [Parent][DispatchAsyncMessage] Error: PLayerTransaction::Msg_ReleaseLayer Processing error: message was deserialized, but the handler returned false (indicating failure)

IPDL protocol error: Handler returned error code!

###!!! [Parent][DispatchAsyncMessage] Error: PLayerTransaction::Msg_ReleaseLayer Processing error: message was deserialized, but the handler returned false (indicating failure)

IPDL protocol error: Handler returned error code!

###!!! [Parent][DispatchAsyncMessage] Error: PLayerTransaction::Msg_ReleaseLayer Processing error: message was deserialized, but the handler returned false (indicating failure)

IPDL protocol error: Handler returned error code!

###!!! [Parent][DispatchAsyncMessage] Error: PLayerTransaction::Msg_ReleaseLayer Processing error: message was deserialized, but the handler returned false (indicating failure)

IPDL protocol error: Handler returned error code!

###!!! [Parent][DispatchAsyncMessage] Error: PLayerTransaction::Msg_ReleaseLayer Processing error: message was deserialized, but the handler returned false (indicating failure)

IPDL protocol error: Handler returned error code!

###!!! [Parent][DispatchAsyncMessage] Error: PLayerTransaction::Msg_ReleaseLayer Processing error: message was deserialized, but the handler returned false (indicating failure)

IPDL protocol error: Handler returned error code!

###!!! [Parent][DispatchAsyncMessage] Error: PLayerTransaction::Msg_ReleaseLayer Processing error: message was deserialized, but the handler returned false (indicating failure)

IPDL protocol error: Handler returned error code!

###!!! [Parent][DispatchAsyncMessage] Error: PLayerTransaction::Msg_ReleaseLayer Processing error: message was deserialized, but the handler returned false (indicating failure)

IPDL protocol error: Handler returned error code!

###!!! [Parent][DispatchAsyncMessage] Error: PLayerTransaction::Msg_ReleaseLayer Processing error: message was deserialized, but the handler returned false (indicating failure)

IPDL protocol error: Handler returned error code!

###!!! [Parent][DispatchAsyncMessage] Error: PLayerTransaction::Msg_ReleaseLayer Processing error: message was deserialized, but the handler returned false (indicating failure)

*** UTM:SVC TimerManager:registerTimer called after profile-before-change notification. Ignoring timer registration for id: telemetry_modules_ping
1521036474723	geckodriver	INFO	geckodriver 0.18.0
1521036474729	geckodriver	INFO	Listening on 127.0.0.1:33831
1521036475053	geckodriver::marionette	INFO	Starting browser /usr/bin/firefox with args ["-marionette"]
1521036476449	Marionette	INFO	Enabled via --marionette
1521036479946	Marionette	INFO	Listening on port 41673
1521036481560	Marionette	WARN	TLS certificate errors will be ignored for this session
ATTENTION: default value of option force_s3tc_enable overridden by environment.

(/usr/lib/firefox/firefox:29285): dconf-WARNING **: Unable to open /var/lib/flatpak/exports/share/dconf/profile/user: Permissão negada
JavaScript error: https://cadastro.saude.gov.br/TSPD/08f797755eab2000ed985bf86ff996d13baa3d5b2a72aeea51f81b131f3b9d1a35ce1f6399906afd?type=8, line 216: TypeError: JI.Z is null
JavaScript error: https://cadastro.saude.gov.br/TSPD/08f797755eab2000ed985bf86ff996d13baa3d5b2a72aeea51f81b131f3b9d1a35ce1f6399906afd?type=8, line 216: TypeError: JI.Z is null
JavaScript error: https://cadastro.saude.gov.br/TSPD/08f797755eab2000ed985bf86ff996d13baa3d5b2a72aeea51f81b131f3b9d1a35ce1f6399906afd?type=8, line 216: TypeError: JI.Z is null
1521036587324	geckodriver	INFO	geckodriver 0.18.0
1521036587338	geckodriver	INFO	Listening on 127.0.0.1:56211
1521036588951	geckodriver::marionette	INFO	Starting browser /usr/bin/firefox with args ["-marionette"]
1521036590809	Marionette	INFO	Enabled via --marionette
1521036595402	Marionette	INFO	Listening on port 36483
1521036595476	Marionette	WARN	TLS certificate errors will be ignored for this session
ATTENTION: default value of option force_s3tc_enable overridden by environment.

(/usr/lib/firefox/firefox:29578): dconf-WARNING **: Unable to open /var/lib/flatpak/exports/share/dconf/profile/user: Permissão negada
JavaScript error: https://cadastro.saude.gov.br/TSPD/08f797755eab2000ed985bf86ff996d13baa3d5b2a72aeea51f81b131f3b9d1a35ce1f6399906afd?type=8, line 216: TypeError: JI.Z is null
JavaScript error: https://cadastro.saude.gov.br/TSPD/08f797755eab2000ed985bf86ff996d13baa3d5b2a72aeea51f81b131f3b9d1a35ce1f6399906afd?type=8, line 216: TypeError: JI.Z is null
JavaScript error: https://cadastro.saude.gov.br/TSPD/08f797755eab2000ed985bf86ff996d13baa3d5b2a72aeea51f81b131f3b9d1a35ce1f6399906afd?type=8, line 216: TypeError: JI.Z is null
IPDL protocol error: Handler returned error code!

###!!! [Parent][DispatchAsyncMessage] Error: PLayerTransaction::Msg_ReleaseLayer Processing error: message was deserialized, but the handler returned false (indicating failure)

IPDL protocol error: Handler returned error code!

###!!! [Parent][DispatchAsyncMessage] Error: PLayerTransaction::Msg_ReleaseLayer Processing error: message was deserialized, but the handler returned false (indicating failure)

IPDL protocol error: Handler returned error code!

###!!! [Parent][DispatchAsyncMessage] Error: PLayerTransaction::Msg_ReleaseLayer Processing error: message was deserialized, but the handler returned false (indicating failure)

IPDL protocol error: Handler returned error code!

###!!! [Parent][DispatchAsyncMessage] Error: PLayerTransaction::Msg_ReleaseLayer Processing error: message was deserialized, but the handler returned false (indicating failure)

IPDL protocol error: Handler returned error code!

###!!! [Parent][DispatchAsyncMessage] Error: PLayerTransaction::Msg_ReleaseLayer Processing error: message was deserialized, but the handler returned false (indicating failure)

IPDL protocol error: Handler returned error code!

###!!! [Parent][DispatchAsyncMessage] Error: PLayerTransaction::Msg_ReleaseLayer Processing error: message was deserialized, but the handler returned false (indicating failure)

IPDL protocol error: Handler returned error code!

###!!! [Parent][DispatchAsyncMessage] Error: PLayerTransaction::Msg_ReleaseLayer Processing error: message was deserialized, but the handler returned false (indicating failure)

IPDL protocol error: Handler returned error code!

###!!! [Parent][DispatchAsyncMessage] Error: PLayerTransaction::Msg_ReleaseLayer Processing error: message was deserialized, but the handler returned false (indicating failure)

IPDL protocol error: Handler returned error code!

###!!! [Parent][DispatchAsyncMessage] Error: PLayerTransaction::Msg_ReleaseLayer Processing error: message was deserialized, but the handler returned false (indicating failure)

IPDL protocol error: Handler returned error code!

###!!! [Parent][DispatchAsyncMessage] Error: PLayerTransaction::Msg_ReleaseLayer Processing error: message was deserialized, but the handler returned false (indicating failure)

IPDL protocol error: Handler returned error code!

###!!! [Parent][DispatchAsyncMessage] Error: PLayerTransaction::Msg_ReleaseLayer Processing error: message was deserialized, but the handler returned false (indicating failure)

IPDL protocol error: Handler returned error code!

###!!! [Parent][DispatchAsyncMessage] Error: PLayerTransaction::Msg_ReleaseLayer Processing error: message was deserialized, but the handler returned false (indicating failure)

IPDL protocol error: Handler returned error code!

###!!! [Parent][DispatchAsyncMessage] Error: PLayerTransaction::Msg_ReleaseLayer Processing error: message was deserialized, but the handler returned false (indicating failure)

IPDL protocol error: Handler returned error code!

###!!! [Parent][DispatchAsyncMessage] Error: PLayerTransaction::Msg_ReleaseLayer Processing error: message was deserialized, but the handler returned false (indicating failure)

IPDL protocol error: Handler returned error code!

###!!! [Parent][DispatchAsyncMessage] Error: PLayerTransaction::Msg_ReleaseLayer Processing error: message was deserialized, but the handler returned false (indicating failure)

IPDL protocol error: Handler returned error code!

###!!! [Parent][DispatchAsyncMessage] Error: PLayerTransaction::Msg_ReleaseLayer Processing error: message was deserialized, but the handler returned false (indicating failure)

IPDL protocol error: Handler returned error code!

###!!! [Parent][DispatchAsyncMessage] Error: PLayerTransaction::Msg_ReleaseLayer Processing error: message was deserialized, but the handler returned false (indicating failure)

IPDL protocol error: Handler returned error code!

###!!! [Parent][DispatchAsyncMessage] Error: PLayerTransaction::Msg_ReleaseLayer Processing error: message was deserialized, but the handler returned false (indicating failure)

*** UTM:SVC TimerManager:registerTimer called after profile-before-change notification. Ignoring timer registration for id: telemetry_modules_ping
1521036749048	geckodriver	INFO	geckodriver 0.18.0
1521036749053	geckodriver	INFO	Listening on 127.0.0.1:57173
1521036750273	geckodriver::marionette	INFO	Starting browser /usr/bin/firefox with args ["-marionette"]
1521036751367	Marionette	INFO	Enabled via --marionette
1521036753475	Marionette	INFO	Listening on port 43427
1521036753506	Marionette	WARN	TLS certificate errors will be ignored for this session
ATTENTION: default value of option force_s3tc_enable overridden by environment.

(/usr/lib/firefox/firefox:30392): dconf-WARNING **: Unable to open /var/lib/flatpak/exports/share/dconf/profile/user: Permissão negada
JavaScript error: https://cadastro.saude.gov.br/TSPD/08f797755eab2000ed985bf86ff996d13baa3d5b2a72aeea51f81b131f3b9d1a35ce1f6399906afd?type=8, line 216: TypeError: JI.Z is null
JavaScript error: https://cadastro.saude.gov.br/TSPD/08f797755eab2000ed985bf86ff996d13baa3d5b2a72aeea51f81b131f3b9d1a35ce1f6399906afd?type=8, line 216: TypeError: JI.Z is null
JavaScript error: https://cadastro.saude.gov.br/TSPD/08f797755eab2000ed985bf86ff996d13baa3d5b2a72aeea51f81b131f3b9d1a35ce1f6399906afd?type=8, line 216: TypeError: JI.Z is null
*** UTM:SVC TimerManager:registerTimer called after profile-before-change notification. Ignoring timer registration for id: telemetry_modules_ping
1521036881930	geckodriver	INFO	geckodriver 0.18.0
1521036881937	geckodriver	INFO	Listening on 127.0.0.1:43683
1521036883158	geckodriver::marionette	INFO	Starting browser /usr/bin/firefox with args ["-marionette"]
1521036884268	Marionette	INFO	Enabled via --marionette
1521036886328	Marionette	INFO	Listening on port 39759
1521036886434	Marionette	WARN	TLS certificate errors will be ignored for this session
ATTENTION: default value of option force_s3tc_enable overridden by environment.

(/usr/lib/firefox/firefox:30673): dconf-WARNING **: Unable to open /var/lib/flatpak/exports/share/dconf/profile/user: Permissão negada
JavaScript error: https://cadastro.saude.gov.br/TSPD/08f797755eab2000ed985bf86ff996d13baa3d5b2a72aeea51f81b131f3b9d1a35ce1f6399906afd?type=8, line 216: TypeError: JI.Z is null
JavaScript error: https://cadastro.saude.gov.br/TSPD/08f797755eab2000ed985bf86ff996d13baa3d5b2a72aeea51f81b131f3b9d1a35ce1f6399906afd?type=8, line 216: TypeError: JI.Z is null
JavaScript error: https://cadastro.saude.gov.br/TSPD/08f797755eab2000ed985bf86ff996d13baa3d5b2a72aeea51f81b131f3b9d1a35ce1f6399906afd?type=8, line 216: TypeError: JI.Z is null
*** UTM:SVC TimerManager:registerTimer called after profile-before-change notification. Ignoring timer registration for id: telemetry_modules_ping
1521037161741	geckodriver	INFO	geckodriver 0.18.0
1521037161746	geckodriver	INFO	Listening on 127.0.0.1:45173
1521037162895	geckodriver::marionette	INFO	Starting browser /usr/bin/firefox with args ["-marionette"]
1521037163771	Marionette	INFO	Enabled via --marionette
1521037165492	Marionette	INFO	Listening on port 43075
1521037165550	Marionette	WARN	TLS certificate errors will be ignored for this session
ATTENTION: default value of option force_s3tc_enable overridden by environment.

(/usr/lib/firefox/firefox:31115): dconf-WARNING **: Unable to open /var/lib/flatpak/exports/share/dconf/profile/user: Permissão negada
1521037193029	geckodriver	INFO	geckodriver 0.18.0
1521037193038	geckodriver	INFO	Listening on 127.0.0.1:33069
1521037194274	geckodriver::marionette	INFO	Starting browser /usr/bin/firefox with args ["-marionette"]
1521037195500	Marionette	INFO	Enabled via --marionette
1521037197987	Marionette	INFO	Listening on port 35003
1521037198021	Marionette	WARN	TLS certificate errors will be ignored for this session
ATTENTION: default value of option force_s3tc_enable overridden by environment.

(/usr/lib/firefox/firefox:31375): dconf-WARNING **: Unable to open /var/lib/flatpak/exports/share/dconf/profile/user: Permissão negada
JavaScript error: https://cadastro.saude.gov.br/TSPD/08f797755eab2000ed985bf86ff996d13baa3d5b2a72aeea51f81b131f3b9d1a35ce1f6399906afd?type=8, line 216: TypeError: JI.Z is null
JavaScript error: https://cadastro.saude.gov.br/TSPD/08f797755eab2000ed985bf86ff996d13baa3d5b2a72aeea51f81b131f3b9d1a35ce1f6399906afd?type=8, line 216: TypeError: JI.Z is null
JavaScript error: https://cadastro.saude.gov.br/TSPD/08f797755eab2000ed985bf86ff996d13baa3d5b2a72aeea51f81b131f3b9d1a35ce1f6399906afd?type=8, line 216: TypeError: JI.Z is null
1521037227742	geckodriver	INFO	geckodriver 0.18.0
1521037227752	geckodriver	INFO	Listening on 127.0.0.1:44383
1521037229134	geckodriver::marionette	INFO	Starting browser /usr/bin/firefox with args ["-marionette"]
1521037230500	Marionette	INFO	Enabled via --marionette
1521037233493	Marionette	INFO	Listening on port 45341
1521037233599	Marionette	WARN	TLS certificate errors will be ignored for this session
ATTENTION: default value of option force_s3tc_enable overridden by environment.

(/usr/lib/firefox/firefox:31635): dconf-WARNING **: Unable to open /var/lib/flatpak/exports/share/dconf/profile/user: Permissão negada
JavaScript error: https://cadastro.saude.gov.br/TSPD/08f797755eab2000ed985bf86ff996d13baa3d5b2a72aeea51f81b131f3b9d1a35ce1f6399906afd?type=8, line 216: TypeError: JI.Z is null
JavaScript error: https://cadastro.saude.gov.br/TSPD/08f797755eab2000ed985bf86ff996d13baa3d5b2a72aeea51f81b131f3b9d1a35ce1f6399906afd?type=8, line 216: TypeError: JI.Z is null
JavaScript error: https://cadastro.saude.gov.br/TSPD/08f797755eab2000ed985bf86ff996d13baa3d5b2a72aeea51f81b131f3b9d1a35ce1f6399906afd?type=8, line 216: TypeError: JI.Z is null
*** UTM:SVC TimerManager:registerTimer called after profile-before-change notification. Ignoring timer registration for id: telemetry_modules_ping
1521037565406	geckodriver	INFO	geckodriver 0.18.0
1521037565411	geckodriver	INFO	Listening on 127.0.0.1:46385
1521037566627	geckodriver::marionette	INFO	Starting browser /usr/bin/firefox with args ["-marionette"]
1521037567750	Marionette	INFO	Enabled via --marionette
1521037569858	Marionette	INFO	Listening on port 41391
1521037569958	Marionette	WARN	TLS certificate errors will be ignored for this session
ATTENTION: default value of option force_s3tc_enable overridden by environment.

(/usr/lib/firefox/firefox:31960): dconf-WARNING **: Unable to open /var/lib/flatpak/exports/share/dconf/profile/user: Permissão negada
JavaScript error: https://cadastro.saude.gov.br/TSPD/08f797755eab2000ed985bf86ff996d13baa3d5b2a72aeea51f81b131f3b9d1a35ce1f6399906afd?type=8, line 216: TypeError: JI.Z is null
JavaScript error: https://cadastro.saude.gov.br/TSPD/08f797755eab2000ed985bf86ff996d13baa3d5b2a72aeea51f81b131f3b9d1a35ce1f6399906afd?type=8, line 216: TypeError: JI.Z is null
JavaScript error: https://cadastro.saude.gov.br/TSPD/08f797755eab2000ed985bf86ff996d13baa3d5b2a72aeea51f81b131f3b9d1a35ce1f6399906afd?type=8, line 216: TypeError: JI.Z is null
1521037651234	geckodriver	INFO	geckodriver 0.18.0
1521037651240	geckodriver	INFO	Listening on 127.0.0.1:59587
1521037652391	geckodriver::marionette	INFO	Starting browser /usr/bin/firefox with args ["-marionette"]
1521037653306	Marionette	INFO	Enabled via --marionette
1521037655129	Marionette	INFO	Listening on port 42063
1521037655244	Marionette	WARN	TLS certificate errors will be ignored for this session
ATTENTION: default value of option force_s3tc_enable overridden by environment.

(/usr/lib/firefox/firefox:32250): dconf-WARNING **: Unable to open /var/lib/flatpak/exports/share/dconf/profile/user: Permissão negada
JavaScript error: https://cadastro.saude.gov.br/TSPD/08f797755eab2000ed985bf86ff996d13baa3d5b2a72aeea51f81b131f3b9d1a35ce1f6399906afd?type=8, line 216: TypeError: JI.Z is null
JavaScript error: https://cadastro.saude.gov.br/TSPD/08f797755eab2000ed985bf86ff996d13baa3d5b2a72aeea51f81b131f3b9d1a35ce1f6399906afd?type=8, line 216: TypeError: JI.Z is null
JavaScript error: https://cadastro.saude.gov.br/TSPD/08f797755eab2000ed985bf86ff996d13baa3d5b2a72aeea51f81b131f3b9d1a35ce1f6399906afd?type=8, line 216: TypeError: JI.Z is null
*** UTM:SVC TimerManager:registerTimer called after profile-before-change notification. Ignoring timer registration for id: telemetry_modules_ping
1521038126202	geckodriver	INFO	geckodriver 0.18.0
1521038126207	geckodriver	INFO	Listening on 127.0.0.1:38581
1521038127357	geckodriver::marionette	INFO	Starting browser /usr/bin/firefox with args ["-marionette"]
1521038128226	Marionette	INFO	Enabled via --marionette
1521038129990	Marionette	INFO	Listening on port 42243
1521038130079	Marionette	WARN	TLS certificate errors will be ignored for this session
ATTENTION: default value of option force_s3tc_enable overridden by environment.

(/usr/lib/firefox/firefox:32748): dconf-WARNING **: Unable to open /var/lib/flatpak/exports/share/dconf/profile/user: Permissão negada
*** UTM:SVC TimerManager:registerTimer called after profile-before-change notification. Ignoring timer registration for id: telemetry_modules_ping
1521038400406	geckodriver	INFO	geckodriver 0.18.0
1521038400411	geckodriver	INFO	Listening on 127.0.0.1:44757
1521038401566	geckodriver::marionette	INFO	Starting browser /usr/bin/firefox with args ["-marionette"]
1521038402444	Marionette	INFO	Enabled via --marionette
1521038404198	Marionette	INFO	Listening on port 40183
1521038404286	Marionette	WARN	TLS certificate errors will be ignored for this session
*** UTM:SVC TimerManager:registerTimer called after profile-before-change notification. Ignoring timer registration for id: telemetry_modules_ping
1521038577427	geckodriver	INFO	geckodriver 0.18.0
1521038577434	geckodriver	INFO	Listening on 127.0.0.1:43095
1521038578581	geckodriver::marionette	INFO	Starting browser /usr/bin/firefox with args ["-marionette"]
1521038579463	Marionette	INFO	Enabled via --marionette
1521038581222	Marionette	INFO	Listening on port 33299
1521038581297	Marionette	WARN	TLS certificate errors will be ignored for this session
*** UTM:SVC TimerManager:registerTimer called after profile-before-change notification. Ignoring timer registration for id: telemetry_modules_ping
